2013-10-10T13:48:52+02:00 ERR (3): exception 'Omeka_View_Exception' with message 'A current item variable has not been set to this view.' in /opt/lampp/htdocs/omeka/vdic/application/views/helpers/GetCurrentRecord.php:27
Stack trace:
#0 [internal function]: Omeka_View_Helper_GetCurrentRecord->getCurrentRecord('Item')
#1 /opt/lampp/htdocs/omeka/vdic/application/libraries/Zend/View/Abstract.php(350): call_user_func_array(Array, Array)
#2 /opt/lampp/htdocs/omeka/vdic/application/views/helpers/Metadata.php(53): Zend_View_Abstract->__call('getCurrentRecor...', Array)
#3 /opt/lampp/htdocs/omeka/vdic/application/views/helpers/Metadata.php(53): Omeka_View->getCurrentRecord('Item')
#4 [internal function]: Omeka_View_Helper_Metadata->metadata('Item', 'Dublin Core', 'Date')
#5 /opt/lampp/htdocs/omeka/vdic/application/libraries/Zend/View/Abstract.php(350): call_user_func_array(Array, Array)
#6 /opt/lampp/htdocs/omeka/vdic/application/libraries/globals.php(1981): Zend_View_Abstract->__call('metadata', Array)
#7 /opt/lampp/htdocs/omeka/vdic/application/libraries/globals.php(1981): Omeka_View->metadata('Item', 'Dublin Core', 'Date')
#8 /opt/lampp/htdocs/omeka/vdic/themes/default/custom.php(10): metadata('Item', 'Dublin Core', 'Date')
#9 /opt/lampp/htdocs/omeka/vdic/themes/default/index.php(19): Libis_get_nieuws(10)
#10 /opt/lampp/htdocs/omeka/vdic/application/libraries/Omeka/View.php(117): include('/opt/lampp/htdo...')
#11 /opt/lampp/htdocs/omeka/vdic/application/libraries/Zend/View/Abstract.php(888): Omeka_View->_run('/opt/lampp/htdo...')
#12 /opt/lampp/htdocs/omeka/vdic/application/libraries/Zend/Controller/Action/Helper/ViewRenderer.php(900): Zend_View_Abstract->render('index.php')
#13 /opt/lampp/htdocs/omeka/vdic/application/controllers/IndexController.php(16): Zend_Controller_Action_Helper_ViewRenderer->renderScript('index.php')
#14 /opt/lampp/htdocs/omeka/vdic/application/libraries/Zend/Controller/Action.php(516): IndexController->indexAction()
#15 /opt/lampp/htdocs/omeka/vdic/application/libraries/Zend/Controller/Dispatcher/Standard.php(308): Zend_Controller_Action->dispatch('indexAction')
#16 /opt/lampp/htdocs/omeka/vdic/application/libraries/Zend/Controller/Front.php(954): Zend_Controller_Dispatcher_Standard->dispatch(Object(Zend_Controller_Request_Http), Object(Zend_Controller_Response_Http))
#17 /opt/lampp/htdocs/omeka/vdic/application/libraries/Zend/Application/Bootstrap/Bootstrap.php(97): Zend_Controller_Front->dispatch()
#18 /opt/lampp/htdocs/omeka/vdic/application/libraries/Zend/Application.php(366): Zend_Application_Bootstrap_Bootstrap->run()
#19 /opt/lampp/htdocs/omeka/vdic/application/libraries/Omeka/Application.php(79): Zend_Application->run()
#20 /opt/lampp/htdocs/omeka/vdic/index.php(23): Omeka_Application->run()
#21 {main}
2013-10-10T13:50:11+02:00 ERR (3): exception 'Omeka_View_Exception' with message 'A current item variable has not been set to this view.' in /opt/lampp/htdocs/omeka/vdic/application/views/helpers/GetCurrentRecord.php:27
Stack trace:
#0 [internal function]: Omeka_View_Helper_GetCurrentRecord->getCurrentRecord('Item')
#1 /opt/lampp/htdocs/omeka/vdic/application/libraries/Zend/View/Abstract.php(350): call_user_func_array(Array, Array)
#2 /opt/lampp/htdocs/omeka/vdic/application/views/helpers/Metadata.php(53): Zend_View_Abstract->__call('getCurrentRecor...', Array)
#3 /opt/lampp/htdocs/omeka/vdic/application/views/helpers/Metadata.php(53): Omeka_View->getCurrentRecord('Item')
#4 [internal function]: Omeka_View_Helper_Metadata->metadata('Item', 'Dublin Core', 'Date')
#5 /opt/lampp/htdocs/omeka/vdic/application/libraries/Zend/View/Abstract.php(350): call_user_func_array(Array, Array)
#6 /opt/lampp/htdocs/omeka/vdic/application/libraries/globals.php(1981): Zend_View_Abstract->__call('metadata', Array)
#7 /opt/lampp/htdocs/omeka/vdic/application/libraries/globals.php(1981): Omeka_View->metadata('Item', 'Dublin Core', 'Date')
#8 /opt/lampp/htdocs/omeka/vdic/themes/default/custom.php(10): metadata('Item', 'Dublin Core', 'Date')
#9 /opt/lampp/htdocs/omeka/vdic/themes/default/index.php(19): Libis_get_nieuws(10)
#10 /opt/lampp/htdocs/omeka/vdic/application/libraries/Omeka/View.php(117): include('/opt/lampp/htdo...')
#11 /opt/lampp/htdocs/omeka/vdic/application/libraries/Zend/View/Abstract.php(888): Omeka_View->_run('/opt/lampp/htdo...')
#12 /opt/lampp/htdocs/omeka/vdic/application/libraries/Zend/Controller/Action/Helper/ViewRenderer.php(900): Zend_View_Abstract->render('index.php')
#13 /opt/lampp/htdocs/omeka/vdic/application/controllers/IndexController.php(16): Zend_Controller_Action_Helper_ViewRenderer->renderScript('index.php')
#14 /opt/lampp/htdocs/omeka/vdic/application/libraries/Zend/Controller/Action.php(516): IndexController->indexAction()
#15 /opt/lampp/htdocs/omeka/vdic/application/libraries/Zend/Controller/Dispatcher/Standard.php(308): Zend_Controller_Action->dispatch('indexAction')
#16 /opt/lampp/htdocs/omeka/vdic/application/libraries/Zend/Controller/Front.php(954): Zend_Controller_Dispatcher_Standard->dispatch(Object(Zend_Controller_Request_Http), Object(Zend_Controller_Response_Http))
#17 /opt/lampp/htdocs/omeka/vdic/application/libraries/Zend/Application/Bootstrap/Bootstrap.php(97): Zend_Controller_Front->dispatch()
#18 /opt/lampp/htdocs/omeka/vdic/application/libraries/Zend/Application.php(366): Zend_Application_Bootstrap_Bootstrap->run()
#19 /opt/lampp/htdocs/omeka/vdic/application/libraries/Omeka/Application.php(79): Zend_Application->run()
#20 /opt/lampp/htdocs/omeka/vdic/index.php(23): Omeka_Application->run()
#21 {main}
2013-10-10T13:54:59+02:00 ERR (3): exception 'InvalidArgumentException' with message 'Invalid record passed to recordMetadata.' in /opt/lampp/htdocs/omeka/vdic/application/views/helpers/Metadata.php:57
Stack trace:
#0 [internal function]: Omeka_View_Helper_Metadata->metadata(Object(Omeka_Record_Iterator), 'Dublin Core', 'Date')
#1 /opt/lampp/htdocs/omeka/vdic/application/libraries/Zend/View/Abstract.php(350): call_user_func_array(Array, Array)
#2 /opt/lampp/htdocs/omeka/vdic/application/libraries/globals.php(1981): Zend_View_Abstract->__call('metadata', Array)
#3 /opt/lampp/htdocs/omeka/vdic/application/libraries/globals.php(1981): Omeka_View->metadata(Object(Omeka_Record_Iterator), 'Dublin Core', 'Date')
#4 /opt/lampp/htdocs/omeka/vdic/themes/default/custom.php(11): metadata(Object(Omeka_Record_Iterator), 'Dublin Core', 'Date')
#5 /opt/lampp/htdocs/omeka/vdic/themes/default/index.php(19): Libis_get_nieuws(10)
#6 /opt/lampp/htdocs/omeka/vdic/application/libraries/Omeka/View.php(117): include('/opt/lampp/htdo...')
#7 /opt/lampp/htdocs/omeka/vdic/application/libraries/Zend/View/Abstract.php(888): Omeka_View->_run('/opt/lampp/htdo...')
#8 /opt/lampp/htdocs/omeka/vdic/application/libraries/Zend/Controller/Action/Helper/ViewRenderer.php(900): Zend_View_Abstract->render('index.php')
#9 /opt/lampp/htdocs/omeka/vdic/application/controllers/IndexController.php(16): Zend_Controller_Action_Helper_ViewRenderer->renderScript('index.php')
#10 /opt/lampp/htdocs/omeka/vdic/application/libraries/Zend/Controller/Action.php(516): IndexController->indexAction()
#11 /opt/lampp/htdocs/omeka/vdic/application/libraries/Zend/Controller/Dispatcher/Standard.php(308): Zend_Controller_Action->dispatch('indexAction')
#12 /opt/lampp/htdocs/omeka/vdic/application/libraries/Zend/Controller/Front.php(954): Zend_Controller_Dispatcher_Standard->dispatch(Object(Zend_Controller_Request_Http), Object(Zend_Controller_Response_Http))
#13 /opt/lampp/htdocs/omeka/vdic/application/libraries/Zend/Application/Bootstrap/Bootstrap.php(97): Zend_Controller_Front->dispatch()
#14 /opt/lampp/htdocs/omeka/vdic/application/libraries/Zend/Application.php(366): Zend_Application_Bootstrap_Bootstrap->run()
#15 /opt/lampp/htdocs/omeka/vdic/application/libraries/Omeka/Application.php(79): Zend_Application->run()
#16 /opt/lampp/htdocs/omeka/vdic/index.php(23): Omeka_Application->run()
#17 {main}
2013-10-10T14:03:48+02:00 ERR (3): exception 'InvalidArgumentException' with message ''dublin_core' is an invalid special value.' in /opt/lampp/htdocs/omeka/vdic/application/libraries/Omeka/Record/AbstractRecord.php:349
Stack trace:
#0 /opt/lampp/htdocs/omeka/vdic/application/models/Item.php(192): Omeka_Record_AbstractRecord->getProperty('dublin_core')
#1 /opt/lampp/htdocs/omeka/vdic/application/views/helpers/Metadata.php(159): Item->getProperty('dublin_core')
#2 /opt/lampp/htdocs/omeka/vdic/application/views/helpers/Metadata.php(134): Omeka_View_Helper_Metadata->_getRecordMetadata(Object(Item), 'Dublin Core')
#3 /opt/lampp/htdocs/omeka/vdic/application/views/helpers/Metadata.php(70): Omeka_View_Helper_Metadata->_getText(Object(Item), 'Dublin Core')
#4 [internal function]: Omeka_View_Helper_Metadata->metadata(Object(Item), 'Dublin Core', 'Date')
#5 /opt/lampp/htdocs/omeka/vdic/application/libraries/Zend/View/Abstract.php(350): call_user_func_array(Array, Array)
#6 /opt/lampp/htdocs/omeka/vdic/application/libraries/globals.php(1981): Zend_View_Abstract->__call('metadata', Array)
#7 /opt/lampp/htdocs/omeka/vdic/application/libraries/globals.php(1981): Omeka_View->metadata(Object(Item), 'Dublin Core', 'Date')
#8 /opt/lampp/htdocs/omeka/vdic/themes/default/custom.php(11): metadata(Object(Item), 'Dublin Core', 'Date')
#9 /opt/lampp/htdocs/omeka/vdic/themes/default/index.php(19): Libis_get_nieuws(10)
#10 /opt/lampp/htdocs/omeka/vdic/application/libraries/Omeka/View.php(117): include('/opt/lampp/htdo...')
#11 /opt/lampp/htdocs/omeka/vdic/application/libraries/Zend/View/Abstract.php(888): Omeka_View->_run('/opt/lampp/htdo...')
#12 /opt/lampp/htdocs/omeka/vdic/application/libraries/Zend/Controller/Action/Helper/ViewRenderer.php(900): Zend_View_Abstract->render('index.php')
#13 /opt/lampp/htdocs/omeka/vdic/application/controllers/IndexController.php(16): Zend_Controller_Action_Helper_ViewRenderer->renderScript('index.php')
#14 /opt/lampp/htdocs/omeka/vdic/application/libraries/Zend/Controller/Action.php(516): IndexController->indexAction()
#15 /opt/lampp/htdocs/omeka/vdic/application/libraries/Zend/Controller/Dispatcher/Standard.php(308): Zend_Controller_Action->dispatch('indexAction')
#16 /opt/lampp/htdocs/omeka/vdic/application/libraries/Zend/Controller/Front.php(954): Zend_Controller_Dispatcher_Standard->dispatch(Object(Zend_Controller_Request_Http), Object(Zend_Controller_Response_Http))
#17 /opt/lampp/htdocs/omeka/vdic/application/libraries/Zend/Application/Bootstrap/Bootstrap.php(97): Zend_Controller_Front->dispatch()
#18 /opt/lampp/htdocs/omeka/vdic/application/libraries/Zend/Application.php(366): Zend_Application_Bootstrap_Bootstrap->run()
#19 /opt/lampp/htdocs/omeka/vdic/application/libraries/Omeka/Application.php(79): Zend_Application->run()
#20 /opt/lampp/htdocs/omeka/vdic/index.php(23): Omeka_Application->run()
#21 {main}
2013-10-10T14:06:05+02:00 ERR (3): exception 'InvalidArgumentException' with message ''dublin_core' is an invalid special value.' in /opt/lampp/htdocs/omeka/vdic/application/libraries/Omeka/Record/AbstractRecord.php:349
Stack trace:
#0 /opt/lampp/htdocs/omeka/vdic/application/models/Item.php(192): Omeka_Record_AbstractRecord->getProperty('dublin_core')
#1 /opt/lampp/htdocs/omeka/vdic/application/views/helpers/Metadata.php(159): Item->getProperty('dublin_core')
#2 /opt/lampp/htdocs/omeka/vdic/application/views/helpers/Metadata.php(134): Omeka_View_Helper_Metadata->_getRecordMetadata(Object(Item), 'Dublin Core')
#3 /opt/lampp/htdocs/omeka/vdic/application/views/helpers/Metadata.php(70): Omeka_View_Helper_Metadata->_getText(Object(Item), 'Dublin Core')
#4 [internal function]: Omeka_View_Helper_Metadata->metadata('Item', 'Dublin Core', 'Date')
#5 /opt/lampp/htdocs/omeka/vdic/application/libraries/Zend/View/Abstract.php(350): call_user_func_array(Array, Array)
#6 /opt/lampp/htdocs/omeka/vdic/application/libraries/globals.php(1981): Zend_View_Abstract->__call('metadata', Array)
#7 /opt/lampp/htdocs/omeka/vdic/application/libraries/globals.php(1981): Omeka_View->metadata('Item', 'Dublin Core', 'Date')
#8 /opt/lampp/htdocs/omeka/vdic/themes/default/custom.php(12): metadata('Item', 'Dublin Core', 'Date')
#9 /opt/lampp/htdocs/omeka/vdic/themes/default/index.php(19): Libis_get_nieuws(10)
#10 /opt/lampp/htdocs/omeka/vdic/application/libraries/Omeka/View.php(117): include('/opt/lampp/htdo...')
#11 /opt/lampp/htdocs/omeka/vdic/application/libraries/Zend/View/Abstract.php(888): Omeka_View->_run('/opt/lampp/htdo...')
#12 /opt/lampp/htdocs/omeka/vdic/application/libraries/Zend/Controller/Action/Helper/ViewRenderer.php(900): Zend_View_Abstract->render('index.php')
#13 /opt/lampp/htdocs/omeka/vdic/application/controllers/IndexController.php(16): Zend_Controller_Action_Helper_ViewRenderer->renderScript('index.php')
#14 /opt/lampp/htdocs/omeka/vdic/application/libraries/Zend/Controller/Action.php(516): IndexController->indexAction()
#15 /opt/lampp/htdocs/omeka/vdic/application/libraries/Zend/Controller/Dispatcher/Standard.php(308): Zend_Controller_Action->dispatch('indexAction')
#16 /opt/lampp/htdocs/omeka/vdic/application/libraries/Zend/Controller/Front.php(954): Zend_Controller_Dispatcher_Standard->dispatch(Object(Zend_Controller_Request_Http), Object(Zend_Controller_Response_Http))
#17 /opt/lampp/htdocs/omeka/vdic/application/libraries/Zend/Application/Bootstrap/Bootstrap.php(97): Zend_Controller_Front->dispatch()
#18 /opt/lampp/htdocs/omeka/vdic/application/libraries/Zend/Application.php(366): Zend_Application_Bootstrap_Bootstrap->run()
#19 /opt/lampp/htdocs/omeka/vdic/application/libraries/Omeka/Application.php(79): Zend_Application->run()
#20 /opt/lampp/htdocs/omeka/vdic/index.php(23): Omeka_Application->run()
#21 {main}
2013-10-17T14:12:00+02:00 ERR (3): exception 'Zend_Navigation_Exception' with message 'Invalid argument: $page must resolve to an instance of Omeka_Navigation_Page_Mvc or Omeka_Navigation_Page_Uri' in /opt/lampp/htdocs/omeka/vdic/application/libraries/Omeka/Navigation.php:495
Stack trace:
#0 /opt/lampp/htdocs/omeka/vdic/application/libraries/Omeka/Navigation.php(69): Omeka_Navigation->_normalizePageRecursive('/admin/xml-site...')
#1 /opt/lampp/htdocs/omeka/vdic/application/libraries/Zend/Navigation/Container.php(172): Omeka_Navigation->addPage('/admin/xml-site...')
#2 /opt/lampp/htdocs/omeka/vdic/application/libraries/Zend/Navigation.php(46): Zend_Navigation_Container->addPages(Array)
#3 /opt/lampp/htdocs/omeka/vdic/application/libraries/Omeka/Navigation.php(27): Zend_Navigation->__construct(Array)
#4 /opt/lampp/htdocs/omeka/vdic/application/libraries/globals.php(2560): Omeka_Navigation->__construct(Array)
#5 /opt/lampp/htdocs/omeka/vdic/admin/themes/default/common/content-nav.php(25): nav(Array, 'admin_navigatio...')
#6 /opt/lampp/htdocs/omeka/vdic/application/libraries/Omeka/View.php(117): include('/opt/lampp/htdo...')
#7 /opt/lampp/htdocs/omeka/vdic/application/libraries/Zend/View/Abstract.php(888): Omeka_View->_run('/opt/lampp/htdo...')
#8 /opt/lampp/htdocs/omeka/vdic/application/libraries/Zend/View/Helper/Partial.php(109): Zend_View_Abstract->render('common/content-...')
#9 [internal function]: Zend_View_Helper_Partial->partial('common/content-...', Array)
#10 /opt/lampp/htdocs/omeka/vdic/application/libraries/Zend/View/Abstract.php(350): call_user_func_array(Array, Array)
#11 /opt/lampp/htdocs/omeka/vdic/application/libraries/globals.php(1614): Zend_View_Abstract->__call('partial', Array)
#12 /opt/lampp/htdocs/omeka/vdic/application/libraries/globals.php(1614): Omeka_View->partial('common/content-...', Array)
#13 /opt/lampp/htdocs/omeka/vdic/admin/themes/default/common/header.php(69): common('content-nav', Array)
#14 /opt/lampp/htdocs/omeka/vdic/application/libraries/Omeka/View.php(117): include('/opt/lampp/htdo...')
#15 /opt/lampp/htdocs/omeka/vdic/application/libraries/Zend/View/Abstract.php(888): Omeka_View->_run('/opt/lampp/htdo...')
#16 /opt/lampp/htdocs/omeka/vdic/application/libraries/Zend/View/Helper/Partial.php(109): Zend_View_Abstract->render('common/header.p...')
#17 [internal function]: Zend_View_Helper_Partial->partial('common/header.p...', Array)
#18 /opt/lampp/htdocs/omeka/vdic/application/libraries/Zend/View/Abstract.php(350): call_user_func_array(Array, Array)
#19 /opt/lampp/htdocs/omeka/vdic/application/libraries/globals.php(1614): Zend_View_Abstract->__call('partial', Array)
#20 /opt/lampp/htdocs/omeka/vdic/application/libraries/globals.php(1614): Omeka_View->partial('common/header.p...', Array)
#21 /opt/lampp/htdocs/omeka/vdic/application/libraries/globals.php(1628): common('header', Array)
#22 /opt/lampp/htdocs/omeka/vdic/admin/themes/default/plugins/browse.php(3): head(Array)
#23 /opt/lampp/htdocs/omeka/vdic/application/libraries/Omeka/View.php(117): include('/opt/lampp/htdo...')
#24 /opt/lampp/htdocs/omeka/vdic/application/libraries/Zend/View/Abstract.php(888): Omeka_View->_run('/opt/lampp/htdo...')
#25 /opt/lampp/htdocs/omeka/vdic/application/libraries/Zend/Controller/Action/Helper/ViewRenderer.php(900): Zend_View_Abstract->render('plugins/browse....')
#26 /opt/lampp/htdocs/omeka/vdic/application/libraries/Zend/Controller/Action/Helper/ViewRenderer.php(921): Zend_Controller_Action_Helper_ViewRenderer->renderScript('plugins/browse....', NULL)
#27 /opt/lampp/htdocs/omeka/vdic/application/libraries/Zend/Controller/Action/Helper/ViewRenderer.php(960): Zend_Controller_Action_Helper_ViewRenderer->render()
#28 /opt/lampp/htdocs/omeka/vdic/application/libraries/Zend/Controller/Action/HelperBroker.php(277): Zend_Controller_Action_Helper_ViewRenderer->postDispatch()
#29 /opt/lampp/htdocs/omeka/vdic/application/libraries/Zend/Controller/Action.php(527): Zend_Controller_Action_HelperBroker->notifyPostDispatch()
#30 /opt/lampp/htdocs/omeka/vdic/application/libraries/Zend/Controller/Dispatcher/Standard.php(308): Zend_Controller_Action->dispatch('browseAction')
#31 /opt/lampp/htdocs/omeka/vdic/application/libraries/Zend/Controller/Front.php(954): Zend_Controller_Dispatcher_Standard->dispatch(Object(Zend_Controller_Request_Http), Object(Zend_Controller_Response_Http))
#32 /opt/lampp/htdocs/omeka/vdic/application/libraries/Zend/Application/Bootstrap/Bootstrap.php(97): Zend_Controller_Front->dispatch()
#33 /opt/lampp/htdocs/omeka/vdic/application/libraries/Zend/Application.php(366): Zend_Application_Bootstrap_Bootstrap->run()
#34 /opt/lampp/htdocs/omeka/vdic/application/libraries/Omeka/Application.php(79): Zend_Application->run()
#35 /opt/lampp/htdocs/omeka/vdic/admin/index.php(28): Omeka_Application->run()
#36 {main}
2013-10-17T14:29:38+02:00 ERR (3): exception 'Zend_Navigation_Exception' with message 'Invalid argument: $page must resolve to an instance of Omeka_Navigation_Page_Mvc or Omeka_Navigation_Page_Uri' in /opt/lampp/htdocs/omeka/vdic/application/libraries/Omeka/Navigation.php:495
Stack trace:
#0 /opt/lampp/htdocs/omeka/vdic/application/libraries/Omeka/Navigation.php(69): Omeka_Navigation->_normalizePageRecursive('/admin/xml-site...')
#1 /opt/lampp/htdocs/omeka/vdic/application/libraries/Zend/Navigation/Container.php(172): Omeka_Navigation->addPage('/admin/xml-site...')
#2 /opt/lampp/htdocs/omeka/vdic/application/libraries/Zend/Navigation.php(46): Zend_Navigation_Container->addPages(Array)
#3 /opt/lampp/htdocs/omeka/vdic/application/libraries/Omeka/Navigation.php(27): Zend_Navigation->__construct(Array)
#4 /opt/lampp/htdocs/omeka/vdic/application/libraries/globals.php(2560): Omeka_Navigation->__construct(Array)
#5 /opt/lampp/htdocs/omeka/vdic/admin/themes/default/common/content-nav.php(25): nav(Array, 'admin_navigatio...')
#6 /opt/lampp/htdocs/omeka/vdic/application/libraries/Omeka/View.php(117): include('/opt/lampp/htdo...')
#7 /opt/lampp/htdocs/omeka/vdic/application/libraries/Zend/View/Abstract.php(888): Omeka_View->_run('/opt/lampp/htdo...')
#8 /opt/lampp/htdocs/omeka/vdic/application/libraries/Zend/View/Helper/Partial.php(109): Zend_View_Abstract->render('common/content-...')
#9 [internal function]: Zend_View_Helper_Partial->partial('common/content-...', Array)
#10 /opt/lampp/htdocs/omeka/vdic/application/libraries/Zend/View/Abstract.php(350): call_user_func_array(Array, Array)
#11 /opt/lampp/htdocs/omeka/vdic/application/libraries/globals.php(1614): Zend_View_Abstract->__call('partial', Array)
#12 /opt/lampp/htdocs/omeka/vdic/application/libraries/globals.php(1614): Omeka_View->partial('common/content-...', Array)
#13 /opt/lampp/htdocs/omeka/vdic/admin/themes/default/common/header.php(69): common('content-nav', Array)
#14 /opt/lampp/htdocs/omeka/vdic/application/libraries/Omeka/View.php(117): include('/opt/lampp/htdo...')
#15 /opt/lampp/htdocs/omeka/vdic/application/libraries/Zend/View/Abstract.php(888): Omeka_View->_run('/opt/lampp/htdo...')
#16 /opt/lampp/htdocs/omeka/vdic/application/libraries/Zend/View/Helper/Partial.php(109): Zend_View_Abstract->render('common/header.p...')
#17 [internal function]: Zend_View_Helper_Partial->partial('common/header.p...', Array)
#18 /opt/lampp/htdocs/omeka/vdic/application/libraries/Zend/View/Abstract.php(350): call_user_func_array(Array, Array)
#19 /opt/lampp/htdocs/omeka/vdic/application/libraries/globals.php(1614): Zend_View_Abstract->__call('partial', Array)
#20 /opt/lampp/htdocs/omeka/vdic/application/libraries/globals.php(1614): Omeka_View->partial('common/header.p...', Array)
#21 /opt/lampp/htdocs/omeka/vdic/application/libraries/globals.php(1628): common('header', Array)
#22 /opt/lampp/htdocs/omeka/vdic/admin/themes/default/plugins/config.php(3): head(Array)
#23 /opt/lampp/htdocs/omeka/vdic/application/libraries/Omeka/View.php(117): include('/opt/lampp/htdo...')
#24 /opt/lampp/htdocs/omeka/vdic/application/libraries/Zend/View/Abstract.php(888): Omeka_View->_run('/opt/lampp/htdo...')
#25 /opt/lampp/htdocs/omeka/vdic/application/libraries/Zend/Controller/Action/Helper/ViewRenderer.php(900): Zend_View_Abstract->render('plugins/config....')
#26 /opt/lampp/htdocs/omeka/vdic/application/libraries/Zend/Controller/Action/Helper/ViewRenderer.php(921): Zend_Controller_Action_Helper_ViewRenderer->renderScript('plugins/config....', NULL)
#27 /opt/lampp/htdocs/omeka/vdic/application/libraries/Zend/Controller/Action/Helper/ViewRenderer.php(960): Zend_Controller_Action_Helper_ViewRenderer->render()
#28 /opt/lampp/htdocs/omeka/vdic/application/libraries/Zend/Controller/Action/HelperBroker.php(277): Zend_Controller_Action_Helper_ViewRenderer->postDispatch()
#29 /opt/lampp/htdocs/omeka/vdic/application/libraries/Zend/Controller/Action.php(527): Zend_Controller_Action_HelperBroker->notifyPostDispatch()
#30 /opt/lampp/htdocs/omeka/vdic/application/libraries/Zend/Controller/Dispatcher/Standard.php(308): Zend_Controller_Action->dispatch('configAction')
#31 /opt/lampp/htdocs/omeka/vdic/application/libraries/Zend/Controller/Front.php(954): Zend_Controller_Dispatcher_Standard->dispatch(Object(Zend_Controller_Request_Http), Object(Zend_Controller_Response_Http))
#32 /opt/lampp/htdocs/omeka/vdic/application/libraries/Zend/Application/Bootstrap/Bootstrap.php(97): Zend_Controller_Front->dispatch()
#33 /opt/lampp/htdocs/omeka/vdic/application/libraries/Zend/Application.php(366): Zend_Application_Bootstrap_Bootstrap->run()
#34 /opt/lampp/htdocs/omeka/vdic/application/libraries/Omeka/Application.php(79): Zend_Application->run()
#35 /opt/lampp/htdocs/omeka/vdic/admin/index.php(28): Omeka_Application->run()
#36 {main}
2013-10-24T14:15:08+02:00 ERR (3): exception 'Zend_Controller_Response_Exception' with message 'Cannot send headers; headers already sent in /opt/lampp/htdocs/omeka/vdic/plugins/Apc/plugin.php, line 9' in /opt/lampp/htdocs/omeka/vdic/application/libraries/Zend/Controller/Response/Abstract.php:323
Stack trace:
#0 /opt/lampp/htdocs/omeka/vdic/application/libraries/Zend/Controller/Response/Abstract.php(341): Zend_Controller_Response_Abstract->canSendHeaders(true)
#1 /opt/lampp/htdocs/omeka/vdic/application/libraries/Zend/Controller/Response/Abstract.php(768): Zend_Controller_Response_Abstract->sendHeaders()
#2 /opt/lampp/htdocs/omeka/vdic/application/libraries/Zend/Controller/Front.php(992): Zend_Controller_Response_Abstract->sendResponse()
#3 /opt/lampp/htdocs/omeka/vdic/application/libraries/Zend/Application/Bootstrap/Bootstrap.php(97): Zend_Controller_Front->dispatch()
#4 /opt/lampp/htdocs/omeka/vdic/application/libraries/Zend/Application.php(366): Zend_Application_Bootstrap_Bootstrap->run()
#5 /opt/lampp/htdocs/omeka/vdic/application/libraries/Omeka/Application.php(79): Zend_Application->run()
#6 /opt/lampp/htdocs/omeka/vdic/index.php(23): Omeka_Application->run()
#7 {main}
